<?xml version="1.0" encoding="UTF-8"?>
<!-- Generated by org.testng.reporters.JUnitReportReporter -->
<testsuite skipped="0" hostname="LAPTOP-LNB1H88U" name="com.crm.qa.testcases.LoginPage1Test" tests="3" failures="0" timestamp="11 Nov 2021 22:06:00 GMT" time="15.318" errors="0">
  <testcase name="loginPage1TitleTest" time="6.000" classname="com.crm.qa.testcases.LoginPage1Test"/>
  <testcase name="FreeCrmLogoTest" time="4.377" classname="com.crm.qa.testcases.LoginPage1Test"/>
  <testcase name="validateLogin1Test" time="4.941" classname="com.crm.qa.testcases.LoginPage1Test"/>
</testsuite> <!-- com.crm.qa.testcases.LoginPage1Test -->
