<?xml version="1.0" encoding="UTF-8"?>
<!-- Generated by org.testng.reporters.JUnitReportReporter -->
<testsuite skipped="0" hostname="LAPTOP-LNB1H88U" name="com.crm.qa.testcases.LoginPage2Test" tests="2" failures="0" timestamp="11 Nov 2021 22:06:00 GMT" time="15.378" errors="0">
  <testcase name="loginPage2TitleTest" time="4.953" classname="com.crm.qa.testcases.LoginPage2Test"/>
  <testcase name="Login1Test" time="10.425" classname="com.crm.qa.testcases.LoginPage2Test"/>
</testsuite> <!-- com.crm.qa.testcases.LoginPage2Test -->
