<?xml version="1.0" encoding="UTF-8"?>
<!-- Generated by org.testng.reporters.JUnitReportReporter -->
<testsuite skipped="0" hostname="LAPTOP-LNB1H88U" name="com.crm.qa.testcases.HomePageTest" tests="4" failures="0" timestamp="11 Nov 2021 22:06:00 GMT" time="59.926" errors="0">
  <testcase name="homepageTitleTest" time="10.547" classname="com.crm.qa.testcases.HomePageTest"/>
  <testcase name="verifyUsernameLabelTest" time="12.224" classname="com.crm.qa.testcases.HomePageTest"/>
  <testcase name="verifyContactsLinkTest" time="11.120" classname="com.crm.qa.testcases.HomePageTest"/>
  <testcase name="clickOnAddContactsTest" time="26.035" classname="com.crm.qa.testcases.HomePageTest"/>
</testsuite> <!-- com.crm.qa.testcases.HomePageTest -->
