<?xml version="1.0" encoding="UTF-8"?>
<!-- Generated by org.testng.reporters.JUnitReportReporter -->
<testsuite skipped="0" hostname="DESKTOP-R1MUA42" name="com.crm.qa.testcases.ContactsPageTest" tests="1" failures="0" timestamp="04 Nov 2021 03:15:43 GMT" time="11.902" errors="0">
  <testcase name="verifyContactsLabelTest" time="11.902" classname="com.crm.qa.testcases.ContactsPageTest"/>
</testsuite> <!-- com.crm.qa.testcases.ContactsPageTest -->
