<?xml version="1.0" encoding="UTF-8"?>
<!-- Generated by org.testng.reporters.JUnitReportReporter -->
<testsuite skipped="0" hostname="DESKTOP-R1MUA42" name="com.crm.qa.testcases.LoginPage2Test" tests="2" failures="0" timestamp="04 Nov 2021 03:15:43 GMT" time="17.616" errors="0">
  <testcase name="loginPage2TitleTest" time="5.763" classname="com.crm.qa.testcases.LoginPage2Test"/>
  <testcase name="Login1Test" time="11.853" classname="com.crm.qa.testcases.LoginPage2Test"/>
</testsuite> <!-- com.crm.qa.testcases.LoginPage2Test -->
